<?xml version="1.0" encoding="UTF-8"?>
<!-- Generated by org.testng.reporters.JUnitXMLReporter -->
<testsuite hostname="sys" name="Default test" tests="3" failures="0" timestamp="28 Aug 2017 16:44:08 GMT" time="27.845" errors="0">
  <testcase name="verifyHomepageTitle" time="0.136" classname="com.rightcomply.UIAutomation.pages.HomePageTest"/>
  <testcase name="testImage" time="0.414" classname="com.rightcomply.UIAutomation.pages.HomePageTest"/>
  <testcase name="test_login" time="7.836" classname="com.rightcomply.UIAutomation.pages.HomePageTest"/>
</testsuite> <!-- Default test -->
